TN:
SF:styleMock.js
FNF:0
FNH:0
DA:1,1
LF:1
LH:1
BRF:0
BRH:0
end_of_record
TN:
SF:src\components\Button.js
FN:9,Button
FNF:1
FNH:1
FNDA:40,Button
DA:10,40
LF:1
LH:1
BRDA:12,0,0,2
BRDA:12,0,1,38
BRDA:12,1,0,40
BRDA:12,1,1,22
BRF:4
BRH:4
end_of_record
TN:
SF:src\components\Confcalc.js
FN:3,(anonymous_0)
FNF:1
FNH:1
FNDA:2,(anonymous_0)
DA:3,1
DA:4,2
DA:5,0
DA:6,0
DA:7,0
DA:8,0
DA:9,0
DA:10,0
DA:12,0
DA:14,0
DA:15,0
DA:16,0
DA:18,0
DA:20,0
DA:23,0
LF:15
LH:2
BRDA:4,0,0,2
BRDA:4,0,1,0
BRDA:8,1,0,0
BRDA:8,1,1,0
BRDA:14,2,0,0
BRDA:14,2,1,0
BRDA:18,3,0,0
BRDA:18,3,1,0
BRDA:23,4,0,0
BRDA:23,4,1,0
BRF:10
BRH:1
end_of_record
TN:
SF:src\components\StartApp.js
FN:8,StartApp
FN:14,(anonymous_1)
FN:18,(anonymous_2)
FN:18,(anonymous_3)
FNF:4
FNH:3
FNDA:3,StartApp
FNDA:1,(anonymous_1)
FNDA:40,(anonymous_2)
FNDA:0,(anonymous_3)
DA:9,3
DA:10,2
DA:11,2
DA:12,2
DA:14,2
DA:15,1
DA:18,40
DA:19,0
DA:20,0
DA:21,0
DA:22,0
DA:23,0
DA:24,0
DA:26,0
DA:27,0
DA:28,0
DA:30,0
DA:31,0
DA:32,0
DA:33,0
DA:34,0
DA:36,0
DA:37,0
DA:39,0
DA:40,0
DA:42,0
DA:43,0
DA:44,0
DA:45,0
DA:46,0
DA:47,0
DA:48,0
DA:49,0
DA:50,0
DA:51,0
DA:52,0
DA:53,0
DA:56,0
DA:58,0
DA:59,0
DA:60,0
DA:62,0
DA:63,0
DA:64,0
DA:65,0
DA:66,0
DA:67,0
DA:68,0
DA:69,0
DA:70,0
DA:71,0
DA:72,0
DA:73,0
DA:76,0
DA:78,0
DA:79,0
DA:80,0
DA:82,0
DA:83,0
DA:84,0
DA:85,0
DA:86,0
DA:87,0
DA:88,0
DA:89,0
DA:90,0
DA:91,0
DA:92,0
DA:93,0
DA:96,0
DA:98,0
DA:99,0
DA:100,0
DA:102,0
DA:103,0
DA:104,0
DA:105,0
DA:106,0
DA:107,0
DA:108,0
DA:109,0
DA:110,0
DA:111,0
DA:112,0
DA:113,0
DA:116,0
DA:118,0
DA:119,0
DA:120,0
DA:123,0
DA:124,0
DA:125,0
DA:126,0
DA:127,0
DA:128,0
DA:129,0
DA:130,0
DA:131,0
DA:132,0
DA:133,0
DA:134,0
DA:137,0
DA:139,0
DA:140,0
DA:141,0
DA:144,0
DA:145,0
DA:147,0
DA:148,0
DA:149,0
DA:150,0
DA:151,0
DA:152,0
DA:153,0
DA:154,0
DA:155,0
DA:156,0
DA:158,0
DA:159,0
DA:160,0
DA:163,0
DA:164,0
DA:166,0
DA:170,2
LF:124
LH:8
BRDA:20,0,0,0
BRDA:20,0,1,0
BRDA:26,1,0,0
BRDA:26,1,1,0
BRDA:30,2,0,0
BRDA:30,2,1,0
BRDA:36,3,0,0
BRDA:36,3,1,0
BRDA:37,4,0,0
BRDA:37,4,1,0
BRDA:42,5,0,0
BRDA:42,5,1,0
BRDA:43,6,0,0
BRDA:43,6,1,0
BRDA:44,7,0,0
BRDA:44,7,1,0
BRDA:46,8,0,0
BRDA:46,8,1,0
BRDA:48,9,0,0
BRDA:48,9,1,0
BRDA:50,10,0,0
BRDA:50,10,1,0
BRDA:52,11,0,0
BRDA:52,11,1,0
BRDA:62,12,0,0
BRDA:62,12,1,0
BRDA:63,13,0,0
BRDA:63,13,1,0
BRDA:64,14,0,0
BRDA:64,14,1,0
BRDA:66,15,0,0
BRDA:66,15,1,0
BRDA:68,16,0,0
BRDA:68,16,1,0
BRDA:70,17,0,0
BRDA:70,17,1,0
BRDA:72,18,0,0
BRDA:72,18,1,0
BRDA:82,19,0,0
BRDA:82,19,1,0
BRDA:83,20,0,0
BRDA:83,20,1,0
BRDA:84,21,0,0
BRDA:84,21,1,0
BRDA:86,22,0,0
BRDA:86,22,1,0
BRDA:88,23,0,0
BRDA:88,23,1,0
BRDA:90,24,0,0
BRDA:90,24,1,0
BRDA:92,25,0,0
BRDA:92,25,1,0
BRDA:102,26,0,0
BRDA:102,26,1,0
BRDA:103,27,0,0
BRDA:103,27,1,0
BRDA:104,28,0,0
BRDA:104,28,1,0
BRDA:106,29,0,0
BRDA:106,29,1,0
BRDA:108,30,0,0
BRDA:108,30,1,0
BRDA:110,31,0,0
BRDA:110,31,1,0
BRDA:112,32,0,0
BRDA:112,32,1,0
BRDA:123,33,0,0
BRDA:123,33,1,0
BRDA:124,34,0,0
BRDA:124,34,1,0
BRDA:125,35,0,0
BRDA:125,35,1,0
BRDA:127,36,0,0
BRDA:127,36,1,0
BRDA:129,37,0,0
BRDA:129,37,1,0
BRDA:131,38,0,0
BRDA:131,38,1,0
BRDA:133,39,0,0
BRDA:133,39,1,0
BRDA:144,40,0,0
BRDA:144,40,1,0
BRDA:145,41,0,0
BRDA:145,41,1,0
BRDA:147,42,0,0
BRDA:147,42,1,0
BRDA:149,43,0,0
BRDA:149,43,1,0
BRDA:151,44,0,0
BRDA:151,44,1,0
BRDA:153,45,0,0
BRDA:153,45,1,0
BRDA:155,46,0,0
BRDA:155,46,1,0
BRDA:163,47,0,0
BRDA:163,47,1,0
BRF:96
BRH:0
end_of_record
